<?xml version="1.0" encoding="UTF-8"?>
<!-- Generated by org.testng.reporters.JUnitReportReporter -->
<testsuite hostname="Bharathreddyarepalli" failures="0" tests="1" name="runner.TestRunner" time="52.209" errors="0" timestamp="2025-05-03T16:45:01 IST" skipped="0">
  <testcase classname="runner.TestRunner" name="runScenario" time="52.209"/>
  <system-out/>
</testsuite> <!-- runner.TestRunner -->
